<?xml version="1.0" encoding="UTF-8"?>
<!-- Generated by org.testng.reporters.JUnitXMLReporter -->
<testsuite ignored="0" hostname="LAPTOP-LOSRHH5E" failures="0" tests="3" name="Test" time="19.423" errors="0" timestamp="2023-04-15T21:41:31 IST">
  <testcase classname="testcase.Tc_001_LoginTest" name="runLogin" time="0.936"/>
  <testcase classname="testcase.Tc_002_CreateLead" name="runCreateLead" time="9.273"/>
  <testcase classname="testcase.Tc_004_EditLead" name="runEditLead" time="10.098"/>
</testsuite> <!-- Test -->
