<?xml version="1.0" encoding="UTF-8"?>
<testng-results ignored="0" total="3" passed="3" failed="0" skipped="0">
  <reporter-output>
  </reporter-output>
  <suite started-at="2023-04-15T21:41:12 IST" name="Suite" finished-at="2023-04-15T21:41:31 IST" duration-ms="19423">
    <groups>
    </groups>
    <test started-at="2023-04-15T21:41:12 IST" name="Test" finished-at="2023-04-15T21:41:31 IST" duration-ms="19423">
      <class name="testcase.Tc_001_LoginTest">
        <test-method is-config="true" signature="browser()[pri:0, instance:testcase.Tc_001_LoginTest@55634720]" started-at="2023-04-15T21:41:12 IST" name="browser" finished-at="2023-04-15T21:41:21 IST" duration-ms="9357" status="PASS">
          <reporter-output>
          </reporter-output>
        </test-method> <!-- browser -->
        <test-method signature="runLogin()[pri:0, instance:testcase.Tc_001_LoginTest@55634720]" started-at="2023-04-15T21:41:21 IST" name="runLogin" finished-at="2023-04-15T21:41:22 IST" duration-ms="936" status="PASS">
          <reporter-output>
          </reporter-output>
        </test-method> <!-- runLogin -->
        <test-method is-config="true" signature="tearDown()[pri:0, instance:testcase.Tc_001_LoginTest@55634720]" started-at="2023-04-15T21:41:22 IST" name="tearDown" finished-at="2023-04-15T21:41:23 IST" duration-ms="336" status="PASS">
          <reporter-output>
          </reporter-output>
        </test-method> <!-- tearDown -->
      </class> <!-- testcase.Tc_001_LoginTest -->
      <class name="testcase.Tc_004_EditLead">
        <test-method is-config="true" signature="browser()[pri:0, instance:testcase.Tc_004_EditLead@1a6d8329]" started-at="2023-04-15T21:41:12 IST" name="browser" finished-at="2023-04-15T21:41:21 IST" duration-ms="9145" status="PASS">
          <reporter-output>
          </reporter-output>
        </test-method> <!-- browser -->
        <test-method signature="runEditLead()[pri:0, instance:testcase.Tc_004_EditLead@1a6d8329]" started-at="2023-04-15T21:41:21 IST" name="runEditLead" finished-at="2023-04-15T21:41:31 IST" duration-ms="10098" status="PASS">
          <reporter-output>
          </reporter-output>
        </test-method> <!-- runEditLead -->
        <test-method is-config="true" signature="tearDown()[pri:0, instance:testcase.Tc_004_EditLead@1a6d8329]" started-at="2023-04-15T21:41:31 IST" name="tearDown" finished-at="2023-04-15T21:41:31 IST" duration-ms="146" status="PASS">
          <reporter-output>
          </reporter-output>
        </test-method> <!-- tearDown -->
      </class> <!-- testcase.Tc_004_EditLead -->
      <class name="testcase.Tc_002_CreateLead">
        <test-method is-config="true" signature="browser()[pri:0, instance:testcase.Tc_002_CreateLead@368247b9]" started-at="2023-04-15T21:41:12 IST" name="browser" finished-at="2023-04-15T21:41:22 IST" duration-ms="9442" status="PASS">
          <reporter-output>
          </reporter-output>
        </test-method> <!-- browser -->
        <test-method signature="runCreateLead()[pri:0, instance:testcase.Tc_002_CreateLead@368247b9]" started-at="2023-04-15T21:41:22 IST" name="runCreateLead" finished-at="2023-04-15T21:41:31 IST" duration-ms="9273" status="PASS">
          <reporter-output>
          </reporter-output>
        </test-method> <!-- runCreateLead -->
        <test-method is-config="true" signature="tearDown()[pri:0, instance:testcase.Tc_002_CreateLead@368247b9]" started-at="2023-04-15T21:41:31 IST" name="tearDown" finished-at="2023-04-15T21:41:31 IST" duration-ms="264" status="PASS">
          <reporter-output>
          </reporter-output>
        </test-method> <!-- tearDown -->
      </class> <!-- testcase.Tc_002_CreateLead -->
    </test> <!-- Test -->
  </suite> <!-- Suite -->
</testng-results>
